<?xml version="1.0" encoding="UTF-8"?>
<!-- Generated by org.testng.reporters.JUnitReportReporter -->
<testsuite hostname="Vikkram" failures="0" tests="1" name="com.qa.testscripts.TC_GoogleSearch" time="30.331" errors="0" timestamp="2022-10-28T15:57:44 IST" skipped="0">
  <testcase classname="com.qa.testscripts.TC_GoogleSearch" name="SearchGoogle" time="30.331"/>
  <system-out/>
</testsuite> <!-- com.qa.testscripts.TC_GoogleSearch -->
